0 info it worked if it ends with ok
1 verbose cli [ 'node', '/usr/local/bin/npm', 'install' ]
2 info using npm@1.2.18
3 info using node@v0.10.4
4 verbose read json /Users/olyamikhaliova/Desktop/THESIS 2nd half/rant2/package.json
5 verbose readDependencies using package.json deps
6 verbose install where, deps [ '/Users/olyamikhaliova/Desktop/THESIS 2nd half/rant2',
6 verbose install   [ 'express',
6 verbose install     'hogan-express',
6 verbose install     'mongoose',
6 verbose install     'moment',
6 verbose install     'passport',
6 verbose install     'consolidate',
6 verbose install     'ejs',
6 verbose install     'passport-local',
6 verbose install     'passport-local-mongoose',
6 verbose install     'connect-mongo',
6 verbose install     'aws-sdk' ] ]
7 verbose from cache /Users/olyamikhaliova/Desktop/THESIS 2nd half/rant2/package.json
8 info preinstall dwd-nodejs-passportjs@0.0.1
9 verbose read json /Users/olyamikhaliova/Desktop/THESIS 2nd half/rant2/node_modules/aws-sdk/package.json
10 verbose read json /Users/olyamikhaliova/Desktop/THESIS 2nd half/rant2/node_modules/connect-mongodb/package.json
11 verbose read json /Users/olyamikhaliova/Desktop/THESIS 2nd half/rant2/node_modules/consolidate/package.json
12 verbose read json /Users/olyamikhaliova/Desktop/THESIS 2nd half/rant2/node_modules/ejs/package.json
13 verbose read json /Users/olyamikhaliova/Desktop/THESIS 2nd half/rant2/node_modules/express/package.json
14 verbose read json /Users/olyamikhaliova/Desktop/THESIS 2nd half/rant2/node_modules/hogan-express/package.json
15 verbose read json /Users/olyamikhaliova/Desktop/THESIS 2nd half/rant2/node_modules/moment/package.json
16 verbose read json /Users/olyamikhaliova/Desktop/THESIS 2nd half/rant2/node_modules/mongoose/package.json
17 verbose read json /Users/olyamikhaliova/Desktop/THESIS 2nd half/rant2/node_modules/passport/package.json
18 verbose read json /Users/olyamikhaliova/Desktop/THESIS 2nd half/rant2/node_modules/passport-local/package.json
19 verbose read json /Users/olyamikhaliova/Desktop/THESIS 2nd half/rant2/node_modules/passport-local-mongoose/package.json
20 verbose from cache /Users/olyamikhaliova/Desktop/THESIS 2nd half/rant2/package.json
21 verbose readDependencies using package.json deps
22 verbose from cache /Users/olyamikhaliova/Desktop/THESIS 2nd half/rant2/node_modules/aws-sdk/package.json
23 verbose from cache /Users/olyamikhaliova/Desktop/THESIS 2nd half/rant2/node_modules/connect-mongodb/package.json
24 verbose from cache /Users/olyamikhaliova/Desktop/THESIS 2nd half/rant2/node_modules/consolidate/package.json
25 verbose from cache /Users/olyamikhaliova/Desktop/THESIS 2nd half/rant2/node_modules/ejs/package.json
26 verbose from cache /Users/olyamikhaliova/Desktop/THESIS 2nd half/rant2/node_modules/express/package.json
27 verbose from cache /Users/olyamikhaliova/Desktop/THESIS 2nd half/rant2/node_modules/hogan-express/package.json
28 verbose from cache /Users/olyamikhaliova/Desktop/THESIS 2nd half/rant2/node_modules/moment/package.json
29 verbose from cache /Users/olyamikhaliova/Desktop/THESIS 2nd half/rant2/node_modules/mongoose/package.json
30 verbose from cache /Users/olyamikhaliova/Desktop/THESIS 2nd half/rant2/node_modules/passport/package.json
31 verbose from cache /Users/olyamikhaliova/Desktop/THESIS 2nd half/rant2/node_modules/passport-local/package.json
32 verbose from cache /Users/olyamikhaliova/Desktop/THESIS 2nd half/rant2/node_modules/passport-local-mongoose/package.json
33 verbose already installed skipping mongoose@3.5.4 /Users/olyamikhaliova/Desktop/THESIS 2nd half/rant2
34 verbose already installed skipping express@3.0.0rc5 /Users/olyamikhaliova/Desktop/THESIS 2nd half/rant2
35 verbose already installed skipping hogan-express@0.3.3 /Users/olyamikhaliova/Desktop/THESIS 2nd half/rant2
36 verbose already installed skipping passport@0.1.x /Users/olyamikhaliova/Desktop/THESIS 2nd half/rant2
37 verbose already installed skipping moment@1.7.2 /Users/olyamikhaliova/Desktop/THESIS 2nd half/rant2
38 verbose cache add [ 'consolidate@latest', null ]
39 verbose cache add name=undefined spec="consolidate@latest" args=["consolidate@latest",null]
40 verbose parsed url { protocol: null,
40 verbose parsed url   slashes: null,
40 verbose parsed url   auth: null,
40 verbose parsed url   host: null,
40 verbose parsed url   port: null,
40 verbose parsed url   hostname: null,
40 verbose parsed url   hash: null,
40 verbose parsed url   search: null,
40 verbose parsed url   query: null,
40 verbose parsed url   pathname: 'consolidate@latest',
40 verbose parsed url   path: 'consolidate@latest',
40 verbose parsed url   href: 'consolidate@latest' }
41 verbose cache add name="consolidate" spec="latest" args=["consolidate","latest"]
42 verbose parsed url { protocol: null,
42 verbose parsed url   slashes: null,
42 verbose parsed url   auth: null,
42 verbose parsed url   host: null,
42 verbose parsed url   port: null,
42 verbose parsed url   hostname: null,
42 verbose parsed url   hash: null,
42 verbose parsed url   search: null,
42 verbose parsed url   query: null,
42 verbose parsed url   pathname: 'latest',
42 verbose parsed url   path: 'latest',
42 verbose parsed url   href: 'latest' }
43 verbose addNamed [ 'consolidate', 'latest' ]
44 verbose addNamed [ null, null ]
45 verbose cache add [ 'ejs@latest', null ]
46 verbose cache add name=undefined spec="ejs@latest" args=["ejs@latest",null]
47 verbose parsed url { protocol: null,
47 verbose parsed url   slashes: null,
47 verbose parsed url   auth: null,
47 verbose parsed url   host: null,
47 verbose parsed url   port: null,
47 verbose parsed url   hostname: null,
47 verbose parsed url   hash: null,
47 verbose parsed url   search: null,
47 verbose parsed url   query: null,
47 verbose parsed url   pathname: 'ejs@latest',
47 verbose parsed url   path: 'ejs@latest',
47 verbose parsed url   href: 'ejs@latest' }
48 verbose cache add name="ejs" spec="latest" args=["ejs","latest"]
49 verbose parsed url { protocol: null,
49 verbose parsed url   slashes: null,
49 verbose parsed url   auth: null,
49 verbose parsed url   host: null,
49 verbose parsed url   port: null,
49 verbose parsed url   hostname: null,
49 verbose parsed url   hash: null,
49 verbose parsed url   search: null,
49 verbose parsed url   query: null,
49 verbose parsed url   pathname: 'latest',
49 verbose parsed url   path: 'latest',
49 verbose parsed url   href: 'latest' }
50 verbose addNamed [ 'ejs', 'latest' ]
51 verbose addNamed [ null, null ]
52 verbose already installed skipping passport-local@0.1.x /Users/olyamikhaliova/Desktop/THESIS 2nd half/rant2
53 silly lockFile d840fda2-consolidate-latest consolidate@latest
54 verbose lock consolidate@latest /Users/olyamikhaliova/.npm/d840fda2-consolidate-latest.lock
55 silly lockFile 171e9c95-ejs-latest ejs@latest
56 verbose lock ejs@latest /Users/olyamikhaliova/.npm/171e9c95-ejs-latest.lock
57 verbose already installed skipping passport-local-mongoose@0.2.0 /Users/olyamikhaliova/Desktop/THESIS 2nd half/rant2
58 verbose cache add [ 'connect-mongo@1.1.5', null ]
59 verbose cache add name=undefined spec="connect-mongo@1.1.5" args=["connect-mongo@1.1.5",null]
60 verbose parsed url { protocol: null,
60 verbose parsed url   slashes: null,
60 verbose parsed url   auth: null,
60 verbose parsed url   host: null,
60 verbose parsed url   port: null,
60 verbose parsed url   hostname: null,
60 verbose parsed url   hash: null,
60 verbose parsed url   search: null,
60 verbose parsed url   query: null,
60 verbose parsed url   pathname: 'connect-mongo@1.1.5',
60 verbose parsed url   path: 'connect-mongo@1.1.5',
60 verbose parsed url   href: 'connect-mongo@1.1.5' }
61 verbose cache add name="connect-mongo" spec="1.1.5" args=["connect-mongo","1.1.5"]
62 verbose parsed url { protocol: null,
62 verbose parsed url   slashes: null,
62 verbose parsed url   auth: null,
62 verbose parsed url   host: null,
62 verbose parsed url   port: null,
62 verbose parsed url   hostname: null,
62 verbose parsed url   hash: null,
62 verbose parsed url   search: null,
62 verbose parsed url   query: null,
62 verbose parsed url   pathname: '1.1.5',
62 verbose parsed url   path: '1.1.5',
62 verbose parsed url   href: '1.1.5' }
63 verbose addNamed [ 'connect-mongo', '1.1.5' ]
64 verbose addNamed [ '1.1.5', '1.1.5' ]
65 silly lockFile b7cf3034-connect-mongo-1-1-5 connect-mongo@1.1.5
66 verbose lock connect-mongo@1.1.5 /Users/olyamikhaliova/.npm/b7cf3034-connect-mongo-1-1-5.lock
67 verbose already installed skipping aws-sdk@v0.9.8-pre.9 /Users/olyamikhaliova/Desktop/THESIS 2nd half/rant2
68 info addNameTag [ 'consolidate', 'latest' ]
69 info addNameTag [ 'ejs', 'latest' ]
70 verbose url raw connect-mongo/1.1.5
71 verbose url resolving [ 'https://registry.npmjs.org/', './connect-mongo/1.1.5' ]
72 verbose url resolved https://registry.npmjs.org/connect-mongo/1.1.5
73 info trying registry request attempt 1 at 21:18:49
74 http GET https://registry.npmjs.org/connect-mongo/1.1.5
75 verbose url raw ejs
76 verbose url resolving [ 'https://registry.npmjs.org/', './ejs' ]
77 verbose url resolved https://registry.npmjs.org/ejs
78 info trying registry request attempt 1 at 21:18:49
79 verbose etag "DMLTGIT5LTNVKJHI0VNW27H47"
80 http GET https://registry.npmjs.org/ejs
81 verbose url raw consolidate
82 verbose url resolving [ 'https://registry.npmjs.org/', './consolidate' ]
83 verbose url resolved https://registry.npmjs.org/consolidate
84 info trying registry request attempt 1 at 21:18:49
85 verbose etag "8XC7Y5GLAO96XMF55ZH8D03QL"
86 http GET https://registry.npmjs.org/consolidate
87 http 404 https://registry.npmjs.org/connect-mongo/1.1.5
88 silly registry.get cb [ 404,
88 silly registry.get   { vary: 'Accept',
88 silly registry.get     server: 'CouchDB/1.3.0 (Erlang OTP/R15B03)',
88 silly registry.get     etag: '"DPP0DX0A0W140FDK8CQ9OWSKP"',
88 silly registry.get     date: 'Mon, 03 Jun 2013 01:18:50 GMT',
88 silly registry.get     'content-type': 'application/json',
88 silly registry.get     'content-length': '36' } ]
89 silly lockFile b7cf3034-connect-mongo-1-1-5 connect-mongo@1.1.5
90 silly lockFile b7cf3034-connect-mongo-1-1-5 connect-mongo@1.1.5
91 error Error: version not found: 1.1.5 : connect-mongo/1.1.5
91 error     at RegClient.<anonymous> (/usr/local/lib/node_modules/npm/node_modules/npm-registry-client/lib/request.js:269:14)
91 error     at Request.self.callback (/usr/local/lib/node_modules/npm/node_modules/request/index.js:142:22)
91 error     at Request.EventEmitter.emit (events.js:98:17)
91 error     at Request.<anonymous> (/usr/local/lib/node_modules/npm/node_modules/request/index.js:856:14)
91 error     at Request.EventEmitter.emit (events.js:117:20)
91 error     at IncomingMessage.<anonymous> (/usr/local/lib/node_modules/npm/node_modules/request/index.js:808:12)
91 error     at IncomingMessage.EventEmitter.emit (events.js:117:20)
91 error     at _stream_readable.js:883:14
91 error     at process._tickCallback (node.js:415:13)
92 error If you need help, you may report this log at:
92 error     <http://github.com/isaacs/npm/issues>
92 error or email it to:
92 error     <npm-@googlegroups.com>
93 error System Darwin 11.4.2
94 error command "node" "/usr/local/bin/npm" "install"
95 error cwd /Users/olyamikhaliova/Desktop/THESIS 2nd half/rant2
96 error node -v v0.10.4
97 error npm -v 1.2.18
98 verbose exit [ 1, true ]
